<?xml version="1.0" encoding="UTF-8"?>
<!-- Generated by org.testng.reporters.JUnitReportReporter -->
<testsuite hostname="DESKTOP-JBC9L0D" failures="0" tests="3" name="day8.ParrelelTngdemo" time="155.466" errors="0" timestamp="14 May 2024 07:34:21 GMT" skipped="0">
  <testcase classname="day8.ParrelelTngdemo" name="firefoxtest" time="64.453"/>
  <testcase classname="day8.ParrelelTngdemo" name="chrometest" time="44.045"/>
  <testcase classname="day8.ParrelelTngdemo" name="edgetest" time="46.968"/>
</testsuite> <!-- day8.ParrelelTngdemo -->
