<?xml version="1.0" encoding="UTF-8"?>
<!-- Generated by org.testng.reporters.JUnitReportReporter -->
<testsuite hostname="DESKTOP-JBC9L0D" failures="0" tests="1" name="day8.Hardassert2" time="7.983" errors="0" timestamp="15 May 2024 04:26:08 GMT" skipped="0">
  <testcase classname="day8.Hardassert2" name="zirodhatest" time="7.983"/>
</testsuite> <!-- day8.Hardassert2 -->
