<?xml version="1.0" encoding="UTF-8"?>
<!-- Generated by org.testng.reporters.JUnitReportReporter -->
<testsuite hostname="DESKTOP-JBC9L0D" failures="0" tests="4" name="day7.TestNGDemo2" time="7.374" errors="0" timestamp="13 May 2024 04:02:18 GMT" skipped="0">
  <testcase classname="day7.TestNGDemo2" name="webtabletest" time="3.834"/>
  <testcase classname="day7.TestNGDemo2" name="checkboxtest" time="0.066"/>
  <testcase classname="day7.TestNGDemo2" name="sendkeystest" time="2.210"/>
  <testcase classname="day7.TestNGDemo2" name="linktest" time="1.264"/>
</testsuite> <!-- day7.TestNGDemo2 -->
