<?xml version="1.0" encoding="UTF-8"?>
<!-- Generated by org.testng.reporters.JUnitReportReporter -->
<testsuite hostname="DESKTOP-JBC9L0D" failures="0" tests="1" name="day8.SoftAssemptiondemo" time="6.432" errors="0" timestamp="14 May 2024 11:44:19 GMT" skipped="0">
  <testcase classname="day8.SoftAssemptiondemo" name="zerodhatest2" time="6.432"/>
</testsuite> <!-- day8.SoftAssemptiondemo -->
