<?xml version="1.0" encoding="UTF-8"?>
<!-- Generated by org.testng.reporters.JUnitReportReporter -->
<testsuite hostname="DESKTOP-JBC9L0D" failures="0" tests="2" name="day8.HardassertDemo" time="3.758" errors="0" timestamp="15 May 2024 04:37:03 GMT" skipped="0">
  <testcase classname="day8.HardassertDemo" name="webtabletest" time="2.733"/>
  <testcase classname="day8.HardassertDemo" name="clicktest" time="1.025"/>
</testsuite> <!-- day8.HardassertDemo -->
