<?xml version="1.0" encoding="UTF-8"?>
<!-- Generated by org.testng.reporters.JUnitReportReporter -->
<testsuite hostname="DESKTOP-JBC9L0D" failures="0" tests="4" name="day8.ExtentDemo2" time="34.069" errors="0" timestamp="14 May 2024 10:33:06 GMT" skipped="0">
  <testcase classname="day8.ExtentDemo2" name="webtabletest" time="8.977"/>
  <testcase classname="day8.ExtentDemo2" name="checkbpxtest" time="7.262"/>
  <testcase classname="day8.ExtentDemo2" name="sendkeystest" time="8.760"/>
  <testcase classname="day8.ExtentDemo2" name="linktest" time="9.070"/>
</testsuite> <!-- day8.ExtentDemo2 -->
